<?xml version="1.0" encoding="UTF-8"?>
<!-- Generated by org.testng.reporters.JUnitReportReporter -->
<testsuite hostname="AMIGO" failures="0" tests="4" name="demoblaze.DemoblazeRunner" time="43.054" errors="0" timestamp="2024-08-21T12:47:18 IST" skipped="0">
  <testcase classname="demoblaze.DemoblazeRunner" name="tc2_addNexusToCart" time="11.446"/>
  <testcase classname="demoblaze.DemoblazeRunner" name="tc4_deleteFirstProductAndPlaceOrder" time="7.996"/>
  <testcase classname="demoblaze.DemoblazeRunner" name="tc1_addIphoneToCart" time="12.717"/>
  <testcase classname="demoblaze.DemoblazeRunner" name="tc3_addNokiaToCart" time="10.895"/>
</testsuite> <!-- demoblaze.DemoblazeRunner -->
